2024-04-23 16:57:14,656 INFO notifyConnectTimeout:100

2024-04-23 16:57:14,658 INFO notifySocketTimeout:200

2024-04-23 16:57:14,658 INFO isHealthCheck:true

2024-04-23 16:57:14,658 INFO maxHealthCheckFailCount:12

2024-04-23 16:57:14,658 INFO maxContent:10485760

2024-04-23 17:00:25,746 INFO notifyConnectTimeout:100

2024-04-23 17:00:25,748 INFO notifySocketTimeout:200

2024-04-23 17:00:25,748 INFO isHealthCheck:true

2024-04-23 17:00:25,748 INFO maxHealthCheckFailCount:12

2024-04-23 17:00:25,748 INFO maxContent:10485760

2024-04-23 17:07:36,590 INFO notifyConnectTimeout:100

2024-04-23 17:07:36,603 INFO notifySocketTimeout:200

2024-04-23 17:07:36,603 INFO isHealthCheck:true

2024-04-23 17:07:36,603 INFO maxHealthCheckFailCount:12

2024-04-23 17:07:36,603 INFO maxContent:10485760

2024-04-23 17:08:17,585 INFO notifyConnectTimeout:100

2024-04-23 17:08:17,588 INFO notifySocketTimeout:200

2024-04-23 17:08:17,588 INFO isHealthCheck:true

2024-04-23 17:08:17,588 INFO maxHealthCheckFailCount:12

2024-04-23 17:08:17,588 INFO maxContent:10485760

2024-04-23 17:08:20,901 WARN DumpService start

2024-04-23 17:08:20,901 INFO start clear all config-info.

2024-04-23 17:08:20,902 INFO clear all config-info success.

2024-04-23 17:08:20,902 INFO clear all config-info-tenant success.

2024-04-23 17:08:20,941 INFO All dump page size is set to 50 according to mem limit 512 MB

2024-04-23 17:08:20,942 INFO start dump all config-info...

2024-04-23 17:08:20,942 INFO success to  dump all config-info。

2024-04-23 17:08:20,942 INFO start clear all config-info-beta.

2024-04-23 17:08:20,942 INFO clear all config-info-beta success.

2024-04-23 17:08:20,942 INFO clear all config-info-beta-tenant success.

2024-04-23 17:08:20,956 INFO start clear all config-info-tag.

2024-04-23 17:08:20,956 INFO clear all config-info-tag success.

2024-04-23 17:08:20,956 INFO clear all config-info-tag-tenant success.

2024-04-23 19:00:38,831 INFO notifyConnectTimeout:100

2024-04-23 19:00:38,833 INFO notifySocketTimeout:200

2024-04-23 19:00:38,833 INFO isHealthCheck:true

2024-04-23 19:00:38,833 INFO maxHealthCheckFailCount:12

2024-04-23 19:00:38,833 INFO maxContent:10485760

2024-04-23 19:00:41,895 WARN DumpService start

2024-04-23 19:00:41,895 INFO start clear all config-info.

2024-04-23 19:00:41,896 INFO clear all config-info success.

2024-04-23 19:00:41,896 INFO clear all config-info-tenant success.

2024-04-23 19:00:41,936 INFO All dump page size is set to 50 according to mem limit 512 MB

2024-04-23 19:00:41,936 INFO start dump all config-info...

2024-04-23 19:00:41,936 INFO success to  dump all config-info。

2024-04-23 19:00:41,936 INFO start clear all config-info-beta.

2024-04-23 19:00:41,937 INFO clear all config-info-beta success.

2024-04-23 19:00:41,937 INFO clear all config-info-beta-tenant success.

2024-04-23 19:00:41,948 INFO start clear all config-info-tag.

2024-04-23 19:00:41,948 INFO clear all config-info-tag success.

2024-04-23 19:00:41,948 INFO clear all config-info-tag-tenant success.

