2024-04-23 17:08:19,978 INFO use local db service for init

2024-04-23 17:08:20,511 WARN Lexical error at line 4, column 66.  Encountered: <EOF> after : "".

2024-04-23 17:08:20,514 WARN Syntax error: Encountered "*" at line 1, column 1.

2024-04-23 17:08:20,787 WARN Lexical error at line 4, column 13.  Encountered: "`" (96), after : "".

2024-04-23 17:08:20,787 WARN Lexical error at line 1, column 13.  Encountered: "`" (96), after : "".

2024-04-23 17:08:20,787 WARN Lexical error at line 1, column 13.  Encountered: "`" (96), after : "".

2024-04-23 17:08:20,787 WARN Lexical error at line 1, column 13.  Encountered: "`" (96), after : "".

2024-04-23 17:08:20,787 INFO use StandaloneDatabaseOperateImpl

2024-04-23 19:00:41,307 INFO use local db service for init

2024-04-23 19:00:41,598 WARN Lexical error at line 4, column 66.  Encountered: <EOF> after : "".

2024-04-23 19:00:41,600 WARN Syntax error: Encountered "*" at line 1, column 1.

2024-04-23 19:00:41,629 WARN Table/View 'CONFIG_INFO' already exists in Schema 'NACOS'.

2024-04-23 19:00:41,661 WARN Table/View 'HIS_CONFIG_INFO' already exists in Schema 'NACOS'.

2024-04-23 19:00:41,675 WARN Table/View 'CONFIG_INFO_BETA' already exists in Schema 'NACOS'.

2024-04-23 19:00:41,683 WARN Table/View 'CONFIG_INFO_TAG' already exists in Schema 'NACOS'.

2024-04-23 19:00:41,689 WARN Table/View 'CONFIG_INFO_AGGR' already exists in Schema 'NACOS'.

2024-04-23 19:00:41,695 WARN Table/View 'APP_LIST' already exists in Schema 'NACOS'.

2024-04-23 19:00:41,703 WARN Table/View 'APP_CONFIGDATA_RELATION_SUBS' already exists in Schema 'NACOS'.

2024-04-23 19:00:41,706 WARN Table/View 'APP_CONFIGDATA_RELATION_PUBS' already exists in Schema 'NACOS'.

2024-04-23 19:00:41,713 WARN Table/View 'CONFIG_TAGS_RELATION' already exists in Schema 'NACOS'.

2024-04-23 19:00:41,719 WARN Table/View 'GROUP_CAPACITY' already exists in Schema 'NACOS'.

2024-04-23 19:00:41,723 WARN Table/View 'TENANT_CAPACITY' already exists in Schema 'NACOS'.

2024-04-23 19:00:41,727 WARN Table/View 'TENANT_INFO' already exists in Schema 'NACOS'.

2024-04-23 19:00:41,733 WARN Table/View 'USERS' already exists in Schema 'NACOS'.

2024-04-23 19:00:41,737 WARN Table/View 'ROLES' already exists in Schema 'NACOS'.

2024-04-23 19:00:41,741 WARN Table/View 'PERMISSIONS' already exists in Schema 'NACOS'.

2024-04-23 19:00:41,767 WARN The statement was aborted because it would have caused a duplicate key value in a unique or primary key constraint or unique index identified by 'SQL240423170820740' defined on 'USERS'.

2024-04-23 19:00:41,770 WARN The statement was aborted because it would have caused a duplicate key value in a unique or primary key constraint or unique index identified by 'UK_USERNAME_ROLE' defined on 'ROLES'.

2024-04-23 19:00:41,770 WARN Lexical error at line 4, column 13.  Encountered: "`" (96), after : "".

2024-04-23 19:00:41,771 WARN Lexical error at line 1, column 13.  Encountered: "`" (96), after : "".

2024-04-23 19:00:41,771 WARN Lexical error at line 1, column 13.  Encountered: "`" (96), after : "".

2024-04-23 19:00:41,771 WARN Lexical error at line 1, column 13.  Encountered: "`" (96), after : "".

2024-04-23 19:00:41,771 INFO use StandaloneDatabaseOperateImpl

