2024-04-23 16:57:16,734 INFO Current addressing mode selection : AddressServerMemberLookup

2024-04-23 16:57:28,789 ERROR [serverlist] exception, error : caused: jmenv.tbsite.net;

2024-04-23 16:57:28,789 ERROR [serverlist] exception, error : caused: jmenv.tbsite.net;

2024-04-23 16:57:28,789 ERROR [serverlist] exception, error : caused: jmenv.tbsite.net;

2024-04-23 16:57:28,790 ERROR [serverlist] exception, error : caused: jmenv.tbsite.net;

2024-04-23 16:57:28,790 ERROR [serverlist] exception, error : caused: jmenv.tbsite.net;

2024-04-23 17:00:27,898 INFO Current addressing mode selection : AddressServerMemberLookup

2024-04-23 17:00:39,933 ERROR [serverlist] exception, error : caused: jmenv.tbsite.net;

2024-04-23 17:00:39,934 ERROR [serverlist] exception, error : caused: jmenv.tbsite.net;

2024-04-23 17:00:39,934 ERROR [serverlist] exception, error : caused: jmenv.tbsite.net;

2024-04-23 17:00:39,934 ERROR [serverlist] exception, error : caused: jmenv.tbsite.net;

2024-04-23 17:00:39,934 ERROR [serverlist] exception, error : caused: jmenv.tbsite.net;

2024-04-23 17:07:38,733 INFO Current addressing mode selection : AddressServerMemberLookup

2024-04-23 17:07:50,782 ERROR [serverlist] exception, error : caused: jmenv.tbsite.net;

2024-04-23 17:07:50,782 ERROR [serverlist] exception, error : caused: jmenv.tbsite.net;

2024-04-23 17:07:50,782 ERROR [serverlist] exception, error : caused: jmenv.tbsite.net;

2024-04-23 17:07:50,782 ERROR [serverlist] exception, error : caused: jmenv.tbsite.net;

2024-04-23 17:07:50,783 ERROR [serverlist] exception, error : caused: jmenv.tbsite.net;

2024-04-23 17:08:19,589 INFO Current addressing mode selection : StandaloneMemberLookup

2024-04-23 17:08:20,807 INFO [ClusterRpcClientProxy] success to refresh cluster rpc client on start up,members =[] 

2024-04-23 17:08:22,589 INFO This node is ready to provide external services

2024-04-23 19:00:40,874 INFO Current addressing mode selection : StandaloneMemberLookup

2024-04-23 19:00:41,793 INFO [ClusterRpcClientProxy] success to refresh cluster rpc client on start up,members =[] 

2024-04-23 19:00:43,555 INFO This node is ready to provide external services

